started Tue Apr 30 20:45:35 CDT 2019 1556675135
GPU 0: Tesla P100-PCIE-16GB (UUID: GPU-97ad1311-5fa3-9e1a-d606-d769f9de0c3e)
singularity exec /data/aghosh12/ubuntu1604-nvcaffe18.01-nvc.simg ./split_file.sh
[33mWARNING: Non existent bind point (directory) in container: '/lfstev'
[0m[33mWARNING: Skipping user bind, non existent bind point (file) in container: '/usr/bin/nvidia-smi'
[0m[33mWARNING: Skipping user bind, non existent bind point (file) in container: '/usr/bin/nvidia-debugdump'
[0m[33mWARNING: Skipping user bind, non existent bind point (file) in container: '/usr/bin/nvidia-persistenced'
[0m[33mWARNING: Skipping user bind, non existent bind point (file) in container: '/usr/bin/nvidia-cuda-mps-control'
[0m[33mWARNING: Skipping user bind, non existent bind point (file) in container: '/usr/bin/nvidia-cuda-mps-server'
[0mpython merge_big.py --input minosmatch_nukecczdefs_genallz_pcodecap66_kinedat_127x50x25_xuv_me1Bmc_ --output minosmatch_nukecczdefs_genallz_pcodecap66_kinedat_127x50x25_xuv_me1Bmc.hdf5
python fuelme.py minosmatch_nukecczdefs_genallz_pcodecap66_kinedat_127x50x25_xuv_me1Bmc.hdf5 0.86 0.07
[94m
+--------------------------------------------------------------------------------+
|                                                                                |
|                           HDF5 MANIPULATOR: SHUFFLE                            |
|                                                                                |
+--------------------------------------------------------------------------------+
[0m
The following input file was found:

	 - /data/jbonilla/hadmultkineimgs_127x94_me1N2GeV_all.hdf5
max 1364268
min 1364268
sizes return 1364268

The following datasets were found in /data/jbonilla/hadmultkineimgs_127x94_me1N2GeV_all.hdf5:

<HDF5 file "hadmultkineimgs_127x94_me1N2GeV_all.hdf5" (mode r)>
data.keys()  [u'event_data', u'gen_data', u'hadro_data', u'img_data', u'lepto_data', u'vtx_data']
event_data:
	 - eventids:   [uint64]  -> (1364268, 1)
	 - eventids_a: [uint32]  -> (1364268, 1)
	 - eventids_b: [uint32]  -> (1364268, 1)
gen_data:
	 - Q2:         [float32] -> (1364268, 1)
	 - W:          [float32] -> (1364268, 1)
	 - current:    [uint32]  -> (1364268, 1)
	 - int_type:   [uint32]  -> (1364268, 1)
	 - targetZ:    [uint32]  -> (1364268, 1)
	 - x:          [float32] -> (1364268, 1)
	 - y:          [float32] -> (1364268, 1)
hadro_data:
	 - esum_chgdkaons: [float32] -> (1364268, 1)
	 - esum_chgdpions: [float32] -> (1364268, 1)
	 - esum_hadmultmeas: [float32] -> (1364268, 1)
	 - esum_hadmultmeas100mev: [float32] -> (1364268, 1)
	 - esum_hadmultmeas90mev: [float32] -> (1364268, 1)
	 - esum_neutpions: [float32] -> (1364268, 1)
	 - esum_neutrons: [float32] -> (1364268, 1)
	 - esum_others: [float32] -> (1364268, 1)
	 - esum_protons: [float32] -> (1364268, 1)
	 - n_chgdkaons: [uint32]  -> (1364268, 1)
	 - n_chgdpions: [uint32]  -> (1364268, 1)
	 - n_hadmultmeas: [uint32]  -> (1364268, 1)
	 - n_hadmultmeas100mev: [uint32]  -> (1364268, 1)
	 - n_hadmultmeas90mev: [uint32]  -> (1364268, 1)
	 - n_neutpions: [uint32]  -> (1364268, 1)
	 - n_neutrons: [uint32]  -> (1364268, 1)
	 - n_others:   [uint32]  -> (1364268, 1)
	 - n_protons:  [uint32]  -> (1364268, 1)
img_data:
	 - hitimes-u:  [float32] -> (1364268, 2, 127, 47)
	 - hitimes-v:  [float32] -> (1364268, 2, 127, 47)
	 - hitimes-x:  [float32] -> (1364268, 2, 127, 94)
lepto_data:
	 - esum_electrons: [float32] -> (1364268, 1)
	 - esum_muons: [float32] -> (1364268, 1)
	 - esum_taus:  [float32] -> (1364268, 1)
	 - n_electrons: [uint32]  -> (1364268, 1)
	 - n_muons:    [uint32]  -> (1364268, 1)
	 - n_taus:     [uint32]  -> (1364268, 1)
vtx_data:
	 - planecodes: [uint16]  -> (1364268, 1)
	 - segments:   [uint8]   -> (1364268, 1)
	 - xs:         [float32] -> (1364268, 1)
	 - ys:         [float32] -> (1364268, 1)
	 - zs:         [float32] -> (1364268, 1)
ranges  [0, 1364268]

Adding entries to file:
eventids
[ 0 : 100000 ]
[ 100000 : 200000 ]
[ 200000 : 300000 ]
[ 300000 : 400000 ]
[ 400000 : 500000 ]
[ 500000 : 600000 ]
[ 600000 : 700000 ]
[ 700000 : 800000 ]
[ 800000 : 900000 ]
[ 900000 : 1000000 ]
[ 1000000 : 1100000 ]
[ 1100000 : 1200000 ]
[ 1200000 : 1300000 ]
[ 1300000 : 1364268 ]
eventids_a
[ 0 : 100000 ]
[ 100000 : 200000 ]
[ 200000 : 300000 ]
[ 300000 : 400000 ]
[ 400000 : 500000 ]
[ 500000 : 600000 ]
[ 600000 : 700000 ]
[ 700000 : 800000 ]
[ 800000 : 900000 ]
[ 900000 : 1000000 ]
[ 1000000 : 1100000 ]
[ 1100000 : 1200000 ]
[ 1200000 : 1300000 ]
[ 1300000 : 1364268 ]
eventids_b
[ 0 : 100000 ]
[ 100000 : 200000 ]
[ 200000 : 300000 ]
[ 300000 : 400000 ]
[ 400000 : 500000 ]
[ 500000 : 600000 ]
[ 600000 : 700000 ]
[ 700000 : 800000 ]
[ 800000 : 900000 ]
[ 900000 : 1000000 ]
[ 1000000 : 1100000 ]
[ 1100000 : 1200000 ]
[ 1200000 : 1300000 ]
[ 1300000 : 1364268 ]
Q2
[ 0 : 100000 ]
[ 100000 : 200000 ]
[ 200000 : 300000 ]
[ 300000 : 400000 ]
[ 400000 : 500000 ]
[ 500000 : 600000 ]
[ 600000 : 700000 ]
[ 700000 : 800000 ]
[ 800000 : 900000 ]
[ 900000 : 1000000 ]
[ 1000000 : 1100000 ]
[ 1100000 : 1200000 ]
[ 1200000 : 1300000 ]
[ 1300000 : 1364268 ]
W
[ 0 : 100000 ]
[ 100000 : 200000 ]
[ 200000 : 300000 ]
[ 300000 : 400000 ]
[ 400000 : 500000 ]
[ 500000 : 600000 ]
[ 600000 : 700000 ]
[ 700000 : 800000 ]
[ 800000 : 900000 ]
[ 900000 : 1000000 ]
[ 1000000 : 1100000 ]
[ 1100000 : 1200000 ]
[ 1200000 : 1300000 ]
[ 1300000 : 1364268 ]
current
[ 0 : 100000 ]
[ 100000 : 200000 ]
[ 200000 : 300000 ]
[ 300000 : 400000 ]
[ 400000 : 500000 ]
[ 500000 : 600000 ]
[ 600000 : 700000 ]
[ 700000 : 800000 ]
[ 800000 : 900000 ]
[ 900000 : 1000000 ]
[ 1000000 : 1100000 ]
[ 1100000 : 1200000 ]
[ 1200000 : 1300000 ]
[ 1300000 : 1364268 ]
int_type
[ 0 : 100000 ]
[ 100000 : 200000 ]
[ 200000 : 300000 ]
[ 300000 : 400000 ]
[ 400000 : 500000 ]
[ 500000 : 600000 ]
[ 600000 : 700000 ]
[ 700000 : 800000 ]
[ 800000 : 900000 ]
[ 900000 : 1000000 ]
[ 1000000 : 1100000 ]
[ 1100000 : 1200000 ]
[ 1200000 : 1300000 ]
[ 1300000 : 1364268 ]
targetZ
[ 0 : 100000 ]
[ 100000 : 200000 ]
[ 200000 : 300000 ]
[ 300000 : 400000 ]
[ 400000 : 500000 ]
[ 500000 : 600000 ]
[ 600000 : 700000 ]
[ 700000 : 800000 ]
[ 800000 : 900000 ]
[ 900000 : 1000000 ]
[ 1000000 : 1100000 ]
[ 1100000 : 1200000 ]
[ 1200000 : 1300000 ]
[ 1300000 : 1364268 ]
x
[ 0 : 100000 ]
[ 100000 : 200000 ]
[ 200000 : 300000 ]
[ 300000 : 400000 ]
[ 400000 : 500000 ]
[ 500000 : 600000 ]
[ 600000 : 700000 ]
[ 700000 : 800000 ]
[ 800000 : 900000 ]
[ 900000 : 1000000 ]
[ 1000000 : 1100000 ]
[ 1100000 : 1200000 ]
[ 1200000 : 1300000 ]
[ 1300000 : 1364268 ]
y
[ 0 : 100000 ]
[ 100000 : 200000 ]
[ 200000 : 300000 ]
[ 300000 : 400000 ]
[ 400000 : 500000 ]
[ 500000 : 600000 ]
[ 600000 : 700000 ]
[ 700000 : 800000 ]
[ 800000 : 900000 ]
[ 900000 : 1000000 ]
[ 1000000 : 1100000 ]
[ 1100000 : 1200000 ]
[ 1200000 : 1300000 ]
[ 1300000 : 1364268 ]
esum_chgdkaons
[ 0 : 100000 ]
[ 100000 : 200000 ]
[ 200000 : 300000 ]
[ 300000 : 400000 ]
[ 400000 : 500000 ]
[ 500000 : 600000 ]
[ 600000 : 700000 ]
[ 700000 : 800000 ]
[ 800000 : 900000 ]
[ 900000 : 1000000 ]
[ 1000000 : 1100000 ]
[ 1100000 : 1200000 ]
[ 1200000 : 1300000 ]
[ 1300000 : 1364268 ]
esum_chgdpions
[ 0 : 100000 ]
[ 100000 : 200000 ]
[ 200000 : 300000 ]
[ 300000 : 400000 ]
[ 400000 : 500000 ]
[ 500000 : 600000 ]
[ 600000 : 700000 ]
[ 700000 : 800000 ]
[ 800000 : 900000 ]
[ 900000 : 1000000 ]
[ 1000000 : 1100000 ]
[ 1100000 : 1200000 ]
[ 1200000 : 1300000 ]
[ 1300000 : 1364268 ]
esum_hadmultmeas
[ 0 : 100000 ]
[ 100000 : 200000 ]
[ 200000 : 300000 ]
[ 300000 : 400000 ]
[ 400000 : 500000 ]
[ 500000 : 600000 ]
[ 600000 : 700000 ]
[ 700000 : 800000 ]
[ 800000 : 900000 ]
[ 900000 : 1000000 ]
[ 1000000 : 1100000 ]
[ 1100000 : 1200000 ]
[ 1200000 : 1300000 ]
[ 1300000 : 1364268 ]
esum_hadmultmeas100mev
[ 0 : 100000 ]
[ 100000 : 200000 ]
[ 200000 : 300000 ]
[ 300000 : 400000 ]
[ 400000 : 500000 ]
[ 500000 : 600000 ]
[ 600000 : 700000 ]
[ 700000 : 800000 ]
[ 800000 : 900000 ]
[ 900000 : 1000000 ]
[ 1000000 : 1100000 ]
[ 1100000 : 1200000 ]
[ 1200000 : 1300000 ]
[ 1300000 : 1364268 ]
esum_hadmultmeas90mev
[ 0 : 100000 ]
[ 100000 : 200000 ]
[ 200000 : 300000 ]
[ 300000 : 400000 ]
[ 400000 : 500000 ]
[ 500000 : 600000 ]
[ 600000 : 700000 ]
[ 700000 : 800000 ]
[ 800000 : 900000 ]
[ 900000 : 1000000 ]
[ 1000000 : 1100000 ]
[ 1100000 : 1200000 ]
[ 1200000 : 1300000 ]
[ 1300000 : 1364268 ]
esum_neutpions
[ 0 : 100000 ]
[ 100000 : 200000 ]
[ 200000 : 300000 ]
[ 300000 : 400000 ]
[ 400000 : 500000 ]
[ 500000 : 600000 ]
[ 600000 : 700000 ]
[ 700000 : 800000 ]
[ 800000 : 900000 ]
[ 900000 : 1000000 ]
[ 1000000 : 1100000 ]
[ 1100000 : 1200000 ]
[ 1200000 : 1300000 ]
[ 1300000 : 1364268 ]
esum_neutrons
[ 0 : 100000 ]
[ 100000 : 200000 ]
[ 200000 : 300000 ]
[ 300000 : 400000 ]
[ 400000 : 500000 ]
[ 500000 : 600000 ]
[ 600000 : 700000 ]
[ 700000 : 800000 ]
[ 800000 : 900000 ]
[ 900000 : 1000000 ]
[ 1000000 : 1100000 ]
[ 1100000 : 1200000 ]
[ 1200000 : 1300000 ]
[ 1300000 : 1364268 ]
esum_others
[ 0 : 100000 ]
[ 100000 : 200000 ]
[ 200000 : 300000 ]
[ 300000 : 400000 ]
[ 400000 : 500000 ]
[ 500000 : 600000 ]
[ 600000 : 700000 ]
[ 700000 : 800000 ]
[ 800000 : 900000 ]
[ 900000 : 1000000 ]
[ 1000000 : 1100000 ]
[ 1100000 : 1200000 ]
[ 1200000 : 1300000 ]
[ 1300000 : 1364268 ]
esum_protons
[ 0 : 100000 ]
[ 100000 : 200000 ]
[ 200000 : 300000 ]
[ 300000 : 400000 ]
[ 400000 : 500000 ]
[ 500000 : 600000 ]
[ 600000 : 700000 ]
[ 700000 : 800000 ]
[ 800000 : 900000 ]
[ 900000 : 1000000 ]
[ 1000000 : 1100000 ]
[ 1100000 : 1200000 ]
[ 1200000 : 1300000 ]
[ 1300000 : 1364268 ]
n_chgdkaons
[ 0 : 100000 ]
[ 100000 : 200000 ]
[ 200000 : 300000 ]
[ 300000 : 400000 ]
[ 400000 : 500000 ]
[ 500000 : 600000 ]
[ 600000 : 700000 ]
[ 700000 : 800000 ]
[ 800000 : 900000 ]
[ 900000 : 1000000 ]
[ 1000000 : 1100000 ]
[ 1100000 : 1200000 ]
[ 1200000 : 1300000 ]
[ 1300000 : 1364268 ]
n_chgdpions
[ 0 : 100000 ]
[ 100000 : 200000 ]
[ 200000 : 300000 ]
[ 300000 : 400000 ]
[ 400000 : 500000 ]
[ 500000 : 600000 ]
[ 600000 : 700000 ]
[ 700000 : 800000 ]
[ 800000 : 900000 ]
[ 900000 : 1000000 ]
[ 1000000 : 1100000 ]
[ 1100000 : 1200000 ]
[ 1200000 : 1300000 ]
[ 1300000 : 1364268 ]
n_hadmultmeas
[ 0 : 100000 ]
[ 100000 : 200000 ]
[ 200000 : 300000 ]
[ 300000 : 400000 ]
[ 400000 : 500000 ]
[ 500000 : 600000 ]
[ 600000 : 700000 ]
[ 700000 : 800000 ]
[ 800000 : 900000 ]
[ 900000 : 1000000 ]
[ 1000000 : 1100000 ]
[ 1100000 : 1200000 ]
[ 1200000 : 1300000 ]
[ 1300000 : 1364268 ]
n_hadmultmeas100mev
[ 0 : 100000 ]
[ 100000 : 200000 ]
[ 200000 : 300000 ]
[ 300000 : 400000 ]
[ 400000 : 500000 ]
[ 500000 : 600000 ]
[ 600000 : 700000 ]
[ 700000 : 800000 ]
[ 800000 : 900000 ]
[ 900000 : 1000000 ]
[ 1000000 : 1100000 ]
[ 1100000 : 1200000 ]
[ 1200000 : 1300000 ]
[ 1300000 : 1364268 ]
n_hadmultmeas90mev
[ 0 : 100000 ]
[ 100000 : 200000 ]
[ 200000 : 300000 ]
[ 300000 : 400000 ]
[ 400000 : 500000 ]
[ 500000 : 600000 ]
[ 600000 : 700000 ]
[ 700000 : 800000 ]
[ 800000 : 900000 ]
[ 900000 : 1000000 ]
[ 1000000 : 1100000 ]
[ 1100000 : 1200000 ]
[ 1200000 : 1300000 ]
[ 1300000 : 1364268 ]
n_neutpions
[ 0 : 100000 ]
[ 100000 : 200000 ]
[ 200000 : 300000 ]
[ 300000 : 400000 ]
[ 400000 : 500000 ]
[ 500000 : 600000 ]
[ 600000 : 700000 ]
[ 700000 : 800000 ]
[ 800000 : 900000 ]
[ 900000 : 1000000 ]
[ 1000000 : 1100000 ]
[ 1100000 : 1200000 ]
[ 1200000 : 1300000 ]
[ 1300000 : 1364268 ]
n_neutrons
[ 0 : 100000 ]
[ 100000 : 200000 ]
[ 200000 : 300000 ]
[ 300000 : 400000 ]
[ 400000 : 500000 ]
[ 500000 : 600000 ]
[ 600000 : 700000 ]
[ 700000 : 800000 ]
[ 800000 : 900000 ]
[ 900000 : 1000000 ]
[ 1000000 : 1100000 ]
[ 1100000 : 1200000 ]
[ 1200000 : 1300000 ]
[ 1300000 : 1364268 ]
n_others
[ 0 : 100000 ]
[ 100000 : 200000 ]
[ 200000 : 300000 ]
[ 300000 : 400000 ]
[ 400000 : 500000 ]
[ 500000 : 600000 ]
[ 600000 : 700000 ]
[ 700000 : 800000 ]
[ 800000 : 900000 ]
[ 900000 : 1000000 ]
[ 1000000 : 1100000 ]
[ 1100000 : 1200000 ]
[ 1200000 : 1300000 ]
[ 1300000 : 1364268 ]
n_protons
[ 0 : 100000 ]
[ 100000 : 200000 ]
[ 200000 : 300000 ]
[ 300000 : 400000 ]
[ 400000 : 500000 ]
[ 500000 : 600000 ]
[ 600000 : 700000 ]
[ 700000 : 800000 ]
[ 800000 : 900000 ]
[ 900000 : 1000000 ]
[ 1000000 : 1100000 ]
[ 1100000 : 1200000 ]
[ 1200000 : 1300000 ]
[ 1300000 : 1364268 ]
hitimes-u
[ 0 : 100000 ]
[ 100000 : 200000 ]
[ 200000 : 300000 ]
[ 300000 : 400000 ]
[ 400000 : 500000 ]
[ 500000 : 600000 ]
[ 600000 : 700000 ]
[ 700000 : 800000 ]
[ 800000 : 900000 ]
[ 900000 : 1000000 ]
[ 1000000 : 1100000 ]
[ 1100000 : 1200000 ]
[ 1200000 : 1300000 ]
[ 1300000 : 1364268 ]
hitimes-v
[ 0 : 100000 ]
[ 100000 : 200000 ]
[ 200000 : 300000 ]
[ 300000 : 400000 ]
[ 400000 : 500000 ]
[ 500000 : 600000 ]
[ 600000 : 700000 ]
[ 700000 : 800000 ]
[ 800000 : 900000 ]
[ 900000 : 1000000 ]
[ 1000000 : 1100000 ]
[ 1100000 : 1200000 ]
[ 1200000 : 1300000 ]
[ 1300000 : 1364268 ]
hitimes-x
[ 0 : 100000 ]
[ 100000 : 200000 ]
[ 200000 : 300000 ]
[ 300000 : 400000 ]
[ 400000 : 500000 ]
[ 500000 : 600000 ]
[ 600000 : 700000 ]
[ 700000 : 800000 ]
[ 800000 : 900000 ]
[ 900000 : 1000000 ]
[ 1000000 : 1100000 ]
[ 1100000 : 1200000 ]
[ 1200000 : 1300000 ]
[ 1300000 : 1364268 ]
esum_electrons
[ 0 : 100000 ]
[ 100000 : 200000 ]
[ 200000 : 300000 ]
[ 300000 : 400000 ]
[ 400000 : 500000 ]
[ 500000 : 600000 ]
[ 600000 : 700000 ]
[ 700000 : 800000 ]
[ 800000 : 900000 ]
[ 900000 : 1000000 ]
[ 1000000 : 1100000 ]
[ 1100000 : 1200000 ]
[ 1200000 : 1300000 ]
[ 1300000 : 1364268 ]
esum_muons
[ 0 : 100000 ]
[ 100000 : 200000 ]
[ 200000 : 300000 ]
[ 300000 : 400000 ]
[ 400000 : 500000 ]
[ 500000 : 600000 ]
[ 600000 : 700000 ]
[ 700000 : 800000 ]
[ 800000 : 900000 ]
[ 900000 : 1000000 ]
[ 1000000 : 1100000 ]
[ 1100000 : 1200000 ]
[ 1200000 : 1300000 ]
[ 1300000 : 1364268 ]
esum_taus
[ 0 : 100000 ]
[ 100000 : 200000 ]
[ 200000 : 300000 ]
[ 300000 : 400000 ]
[ 400000 : 500000 ]
[ 500000 : 600000 ]
[ 600000 : 700000 ]
[ 700000 : 800000 ]
[ 800000 : 900000 ]
[ 900000 : 1000000 ]
[ 1000000 : 1100000 ]
[ 1100000 : 1200000 ]
[ 1200000 : 1300000 ]
[ 1300000 : 1364268 ]
n_electrons
[ 0 : 100000 ]
[ 100000 : 200000 ]
[ 200000 : 300000 ]
[ 300000 : 400000 ]
[ 400000 : 500000 ]
[ 500000 : 600000 ]
[ 600000 : 700000 ]
[ 700000 : 800000 ]
[ 800000 : 900000 ]
[ 900000 : 1000000 ]
[ 1000000 : 1100000 ]
[ 1100000 : 1200000 ]
[ 1200000 : 1300000 ]
[ 1300000 : 1364268 ]
n_muons
[ 0 : 100000 ]
[ 100000 : 200000 ]
[ 200000 : 300000 ]
[ 300000 : 400000 ]
[ 400000 : 500000 ]
[ 500000 : 600000 ]
[ 600000 : 700000 ]
[ 700000 : 800000 ]
[ 800000 : 900000 ]
[ 900000 : 1000000 ]
[ 1000000 : 1100000 ]
[ 1100000 : 1200000 ]
[ 1200000 : 1300000 ]
[ 1300000 : 1364268 ]
n_taus
[ 0 : 100000 ]
[ 100000 : 200000 ]
[ 200000 : 300000 ]
[ 300000 : 400000 ]
[ 400000 : 500000 ]
[ 500000 : 600000 ]
[ 600000 : 700000 ]
[ 700000 : 800000 ]
[ 800000 : 900000 ]
[ 900000 : 1000000 ]
[ 1000000 : 1100000 ]
[ 1100000 : 1200000 ]
[ 1200000 : 1300000 ]
[ 1300000 : 1364268 ]
planecodes
[ 0 : 100000 ]
[ 100000 : 200000 ]
[ 200000 : 300000 ]
[ 300000 : 400000 ]
[ 400000 : 500000 ]
[ 500000 : 600000 ]
[ 600000 : 700000 ]
[ 700000 : 800000 ]
[ 800000 : 900000 ]
[ 900000 : 1000000 ]
[ 1000000 : 1100000 ]
[ 1100000 : 1200000 ]
[ 1200000 : 1300000 ]
[ 1300000 : 1364268 ]
segments
[ 0 : 100000 ]
[ 100000 : 200000 ]
[ 200000 : 300000 ]
[ 300000 : 400000 ]
[ 400000 : 500000 ]
[ 500000 : 600000 ]
[ 600000 : 700000 ]
[ 700000 : 800000 ]
[ 800000 : 900000 ]
[ 900000 : 1000000 ]
[ 1000000 : 1100000 ]
[ 1100000 : 1200000 ]
[ 1200000 : 1300000 ]
[ 1300000 : 1364268 ]
xs
[ 0 : 100000 ]
[ 100000 : 200000 ]
[ 200000 : 300000 ]
[ 300000 : 400000 ]
[ 400000 : 500000 ]
[ 500000 : 600000 ]
[ 600000 : 700000 ]
[ 700000 : 800000 ]
[ 800000 : 900000 ]
[ 900000 : 1000000 ]
[ 1000000 : 1100000 ]
[ 1100000 : 1200000 ]
[ 1200000 : 1300000 ]
[ 1300000 : 1364268 ]
ys
[ 0 : 100000 ]
[ 100000 : 200000 ]
[ 200000 : 300000 ]
[ 300000 : 400000 ]
[ 400000 : 500000 ]
[ 500000 : 600000 ]
[ 600000 : 700000 ]
[ 700000 : 800000 ]
[ 800000 : 900000 ]
[ 900000 : 1000000 ]
[ 1000000 : 1100000 ]
[ 1100000 : 1200000 ]
[ 1200000 : 1300000 ]
[ 1300000 : 1364268 ]
zs
[ 0 : 100000 ]
[ 100000 : 200000 ]
[ 200000 : 300000 ]
[ 300000 : 400000 ]
[ 400000 : 500000 ]
[ 500000 : 600000 ]
[ 600000 : 700000 ]
[ 700000 : 800000 ]
[ 800000 : 900000 ]
[ 900000 : 1000000 ]
[ 1000000 : 1100000 ]
[ 1100000 : 1200000 ]
[ 1200000 : 1300000 ]
[ 1300000 : 1364268 ]
[92m
INFO: Done[0m
Tue Apr 30 22:42:41 2019       
+-----------------------------------------------------------------------------+
| NVIDIA-SMI 410.48                 Driver Version: 410.48                    |
|-------------------------------+----------------------+----------------------+
| GPU  Name        Persistence-M| Bus-Id        Disp.A | Volatile Uncorr. ECC |
| Fan  Temp  Perf  Pwr:Usage/Cap|         Memory-Usage | GPU-Util  Compute M. |
|===============================+======================+======================|
|   0  Tesla P100-PCIE...  Off  | 00000000:06:00.0 Off |                    0 |
| N/A   32C    P0    27W / 250W |      0MiB / 16280MiB |      0%      Default |
+-------------------------------+----------------------+----------------------+
                                                                               
+-----------------------------------------------------------------------------+
| Processes:                                                       GPU Memory |
|  GPU       PID   Type   Process name                             Usage      |
|=============================================================================|
|  No running processes found                                                 |
+-----------------------------------------------------------------------------+
finished Tue Apr 30 22:42:41 CDT 2019 1556682161
